<?xml version="1.0" encoding="UTF-8"?>
<!-- Generated by org.testng.reporters.JUnitReportReporter -->
<testsuite skipped="0" hostname="LAPTOP-KKSC4670" name="testcases.Booking" tests="1" failures="0" timestamp="2020-08-08T12:15:23 IST" time="104.719" errors="0">
  <testcase name="bookingTicket" time="104.719" classname="testcases.Booking"/>
  <system-out/>
</testsuite> <!-- testcases.Booking -->
